Determining if the pthread_create exist failed with the following output:
Change Dir: /workspace/gitpod-demo2/catkin_ws/build/CMakeFiles/CMakeTmp

Run Build Command:"/usr/bin/make" "cmTC_8ba0e/fast"
/usr/bin/make -f CMakeFiles/cmTC_8ba0e.dir/build.make CMakeFiles/cmTC_8ba0e.dir/build
make[1]: Entering directory '/workspace/gitpod-demo2/catkin_ws/build/CMakeFiles/CMakeTmp'
Building C object CMakeFiles/cmTC_8ba0e.dir/CheckSymbolExists.c.o
/usr/bin/cc     -o CMakeFiles/cmTC_8ba0e.dir/CheckSymbolExists.c.o   -c /workspace/gitpod-demo2/catkin_ws/build/CMakeFiles/CMakeTmp/CheckSymbolExists.c
Linking C executable cmTC_8ba0e
/usr/bin/cmake -E cmake_link_script CMakeFiles/cmTC_8ba0e.dir/link.txt --verbose=1
/usr/bin/cc       CMakeFiles/cmTC_8ba0e.dir/CheckSymbolExists.c.o  -o cmTC_8ba0e -rdynamic 
CMakeFiles/cmTC_8ba0e.dir/CheckSymbolExists.c.o: In function `main':
CheckSymbolExists.c:(.text+0x16): undefined reference to `pthread_create'
collect2: error: ld returned 1 exit status
CMakeFiles/cmTC_8ba0e.dir/build.make:97: recipe for target 'cmTC_8ba0e' failed
make[1]: *** [cmTC_8ba0e] Error 1
make[1]: Leaving directory '/workspace/gitpod-demo2/catkin_ws/build/CMakeFiles/CMakeTmp'
Makefile:126: recipe for target 'cmTC_8ba0e/fast' failed
make: *** [cmTC_8ba0e/fast] Error 2

File /workspace/gitpod-demo2/catkin_ws/build/CMakeFiles/CMakeTmp/CheckSymbolExists.c:
/* */
#include <pthread.h>

int main(int argc, char** argv)
{
  (void)argv;
#ifndef pthread_create
  return ((int*)(&pthread_create))[argc];
#else
  (void)argc;
  return 0;
#endif
}

Determining if the function pthread_create exists in the pthreads failed with the following output:
Change Dir: /workspace/gitpod-demo2/catkin_ws/build/CMakeFiles/CMakeTmp

Run Build Command:"/usr/bin/make" "cmTC_af9d0/fast"
/usr/bin/make -f CMakeFiles/cmTC_af9d0.dir/build.make CMakeFiles/cmTC_af9d0.dir/build
make[1]: Entering directory '/workspace/gitpod-demo2/catkin_ws/build/CMakeFiles/CMakeTmp'
Building C object CMakeFiles/cmTC_af9d0.dir/CheckFunctionExists.c.o
/usr/bin/cc    -DCHECK_FUNCTION_EXISTS=pthread_create   -o CMakeFiles/cmTC_af9d0.dir/CheckFunctionExists.c.o   -c /usr/share/cmake-3.5/Modules/CheckFunctionExists.c
Linking C executable cmTC_af9d0
/usr/bin/cmake -E cmake_link_script CMakeFiles/cmTC_af9d0.dir/link.txt --verbose=1
/usr/bin/cc   -DCHECK_FUNCTION_EXISTS=pthread_create    CMakeFiles/cmTC_af9d0.dir/CheckFunctionExists.c.o  -o cmTC_af9d0 -rdynamic -lpthreads 
/usr/bin/ld: cannot find -lpthreads
collect2: error: ld returned 1 exit status
CMakeFiles/cmTC_af9d0.dir/build.make:97: recipe for target 'cmTC_af9d0' failed
make[1]: *** [cmTC_af9d0] Error 1
make[1]: Leaving directory '/workspace/gitpod-demo2/catkin_ws/build/CMakeFiles/CMakeTmp'
Makefile:126: recipe for target 'cmTC_af9d0/fast' failed
make: *** [cmTC_af9d0/fast] Error 2


